../1957anti.ru/publications/item/2334-edinstvo-interesov-kitaya-i-vsego-chelovechestva.html
../1957anti.ru/publications/item/2369-kto-pridumal-10-let-rasstrela-bez-prava-perepiski.html
../1957anti.ru/publications/item/1978-dialogi-s-levymi-rossiyanami-2.html
../1957anti.ru/publications/item/1292-zagovor-voennykh-delo-tuhachevskogo-otvety-na-voprosy-chitatelej.html
../1957anti.ru/publications/item/1558-vershiny-filosofii-i-marksistskie-kruzhki.html
../1957anti.ru/publications/item/2024-kak-zarabotat-na-pandemii.html
../1957anti.ru/publications/item/1090-rech-stalina-na-vechere-posvyashchennom-pamyati-v-i-lenina.html
../1957anti.ru/publications/item/2433-prilozhenie-k-programme-meditsina.html
../1957anti.ru/publications/item/73-kakoj-zhe-otsyuda-sleduet-vyvod.html
../1957anti.ru/publications/item/1830-chechevichnaya-pokhlebka-zakonchilas-a-chest-uzhe-prodana.html
../1957anti.ru/publications/item/1069-marksizm-dlya-biznesmena.html
../1957anti.ru/publications/item/2016-coup-de-grace.html
../1957anti.ru/publications/item/2038-nemetskie-bezdari-myasniki-ne-zhaleli-svoikh-soldat-interesnoe-nablyudenie.html
../1957anti.ru/publications/item/2040-k-voprosu-o-neobkhodimosti-chistki-ryadov.html
../1957anti.ru/publications/item/2175-privokzalnaya-zhurnalistika-ch-2.html
../1957anti.ru/publications/item/2053-opyat-po-natsionalnomu-voprosu-ukrainizatsiya.html
../1957anti.ru/publications/item/2422-revolyutsiya-i-reformizm.html
../1957anti.ru/publications/item/2409-sotsializm-ot-utopii-k-nauke-i-obratno.html
../1957anti.ru/publications/item/1734-imperializm-v-rossii-banki-i-predpriyatiya.html
../1957anti.ru/publications/item/1586-mif-o-bolshom-terrore-itogi-konferentsii.html
../1957anti.ru/publications/item/2201-bolshoj-terror-pochemu-net.html
../1957anti.ru/publications/item/1930-elitarnost-bich-klassicheskoj-shkoly.html
../1957anti.ru/publications/item/2067-elektronnye-resursy-kak-sredstvo-klassovoj-borby.html
../1957anti.ru/publications/item/2142-prodovolstvennaya-bezopasnost-eto-sovsem-drugoe-delo-s.html
../1957anti.ru/publications/item/66-svoboda-ravenstvo-bratstvo.html
../1957anti.ru/publications/item/1633-sssr-zhiv-che-pravda-chto-li.html
../1957anti.ru/publications/item/2242-dzhaz-bandy-marksizma-prelyudiya.html
../1957anti.ru/publications/item/1771-imperializm-v-rossii-investory-rante-i-zagnivanie-rabochego-dvizheniya.html
../1957anti.ru/publications/item/2199-raspredelenie-v-kommunisticheskom-obshchestve.html
../1957anti.ru/publications/item/2122-soprotivlyalis-li-kommunisty.html
../1957anti.ru/publications/item/1525-zadachi-dvizheniya.html
../1957anti.ru/publications/item/37-kto-u-nas-avangard.html
../1957anti.ru/publications/item/183-khrushchjovsko-brezhnevskaya-idilliya-v-sssr.html
../1957anti.ru/publications/item/2448-kak-nam-spasti-partiyu-obrashchenie-tsk-ot-20-maya-2025.html
../1957anti.ru/publications/item/2221-izdanie-knigi-kleveta-na-krasnuyu-armiyu.html
../1957anti.ru/publications/item/1843-rzhevskaya-myasorubka.html
../1957anti.ru/publications/item/174-frilanserstvo-ostrov-durakov.html
../1957anti.ru/publications/item/1942-kitaj-sotsializm-i-pensionnyj-vozrast.html
../1957anti.ru/publications/item/2310-rassadnik-trotskizma-komsomol-istoriya-vyrozhdeniya.html
../1957anti.ru/publications/item/392-o-taktike-politicheskoj-borby-chast-1.html
../1957anti.ru/publications/item/1969-kak-panfilovtsy-polovinu-moskovskoj-oblasti-sozhgli-prikaz-stavki-vgk-0428.html
../1957anti.ru/publications/item/1995-grustnyj-kolya-bondarenko-chelovek-poverivshij-v-svoyu-populyarnost.html
../1957anti.ru/publications/item/2248-otkrytoe-pismo-a-i-kolpakidi.html
../1957anti.ru/publications/item/2316-patsany-i-chushpany-vy-khoteli-zhit-kak-v-amerike.html
../1957anti.ru/publications/item/359-a-ty-khotel-by-zhit-pri-staline-chast-iv-byt.html
../1957anti.ru/publications/item/72-chto-oznachayut-sanktsii-vashingtona.html
../1957anti.ru/publications/item/2442-pochemu-kitaj-ne-rukhnul-kak-sssr-razgrom-bandy-chetyrjokh.html
../1957anti.ru/publications/item/1986-kitajskij-zavod-i-podrobno-o-byte-rabochikh-1.html
../1957anti.ru/publications/item/67-beriya-i-germanskij-vopros-otryvok-iz-gotovyashchejsya-knigi.html
../1957anti.ru/publications/item/2165-kvadraty.html
../1957anti.ru/publications/item/2441-dopolnenie-k-programme-po-kulture-i-iskusstvu.html
../1957anti.ru/publications/item/1634-pochemu-my-vsekh-izvestnykh-nam-levykh-nazyvaem-trotskistami.html
../1957anti.ru/publications/item/158-zadolbali-buratiny-o-sobytiyakh-oktyabrya-93.html
../1957anti.ru/publications/item/75-pochemu-unichtozhili-sistemu-makarenko.html
../1957anti.ru/publications/item/2301-izmeneniya-istorii-otkladyvayutsya-v-istorii-izmenenij-istorii.html
../1957anti.ru/publications/item/800-o-zabastovke-na-rudnike-ametistovoe.html
../1957anti.ru/publications/item/545-soobrazheniya-sekretarya-moskovskoj-organizatsii.html
../1957anti.ru/publications/item/2436-stanovlenie-krasnogo-imperatora.html
../1957anti.ru/publications/item/838-naskolko-dolgovechen-kapitalizm-otryvok-iz-zheleznaya-pyata-dzheka-londona.html
../1957anti.ru/publications/item/1955-k-resheniyam-tsk-ob-usilenii-kadrovoj-raboty.html
../1957anti.ru/publications/item/1026-does-imperialism-exists-in-russia.html
../1957anti.ru/publications/item/2160-ob-antisovetizme-v-shkolnom-obrazovanii.html
../1957anti.ru/publications/item/1864-zachesat-bakenbard-na-lysinu.html
../1957anti.ru/publications/item/1602-bolshoj-terror-v-belorussii.html
../1957anti.ru/publications/item/2120-ukrainskij-krizis-istoki-i-perspektivy.html
../1957anti.ru/publications/item/713-kitaj-i-demokratiya.html
../1957anti.ru/publications/item/380-rezultaty-i-uroki-vyborov-obrashchenie-k-chlenam-kommunisticheskikh-partij-i-dvizhenij.html
../1957anti.ru/publications/item/2331-otzyv-na-knigu-p-g-balaev-r-a-tameev-a-r-galimov-kleveta-na-krasnuyu-armiyu-istoriografiya-1941-goda.html
../1957anti.ru/publications/item/2355-pochemu-vy-ne-uezzhaete.html
../1957anti.ru/publications/item/23-diktatura-proletariata-i-sovetskij-defitsit.html
../1957anti.ru/publications/item/77-k-state-s-pletneva-ob-obrazovanii.html
../1957anti.ru/publications/item/552-statya-dlya-belgorodskoj-gazety-kprf.html
../1957anti.ru/publications/item/467-mukhin-o-rabochikh.html
../1957anti.ru/publications/item/178-chto-stalin-govoril-ob-uravnilovke.html
../1957anti.ru/publications/item/787-programma-kommunisticheskogo-dvizheniya-im-antipartijnoj-gruppy-1957-g.html
../1957anti.ru/publications/item/163-marksizm-dlya-chajnikov-sredstva-proizvodstva-i-proizvoditelnye-sily.html
../1957anti.ru/publications/item/1861-gyulchataj-otkroj-lichiko.html
../1957anti.ru/publications/item/627-kak-vy-pravy-klassiki.html
../1957anti.ru/publications/item/1655-druzya-naroda-sotnyu-let-spustya-rot-front.html
../1957anti.ru/publications/item/1120-mify-i-realnost-1941-goda.html
../1957anti.ru/publications/item/2157-o-prikaze-00439-i-bolshevistskoj-bditelnosti.html
../1957anti.ru/publications/item/2431-o-nyneshnikh-soyuznikakh-proletariata.html
../1957anti.ru/publications/item/2095-bolshoj-terror-protiv-intelligentsii-vstuplenie.html
../1957anti.ru/publications/item/71-akademicheskaya-shkola-i-uchebniki-kak-pokazatel-urovnya-obrazovaniya.html
../1957anti.ru/publications/item/2003-mif-o-bolshom-terrore-balaeva-3.html
../1957anti.ru/publications/item/377-vnepartijnyj-burbulyator-mnenie-o-k-sjomine.html
../1957anti.ru/publications/item/2371-svo-po-kitajski.html
../1957anti.ru/publications/item/2352-pervaya-potrebnost.html
../1957anti.ru/publications/item/2444-rabochij-klass-i-intelligentsiya.html
../1957anti.ru/publications/item/444-pochemu-v-armenii-ne-budet-revolyutsii.html
../1957anti.ru/publications/item/1977-dialogi-s-levymi-rossiyanami-1.html
../1957anti.ru/publications/item/2286-istoricheskij-kikboksing-boi-bez-pravil-stadion-dlya-proletariata-zakalyajsya-kak-stal-okonchanie.html
../1957anti.ru/publications/item/41-pochemu-pri-kommunizme-budet-luchshe.html
../1957anti.ru/publications/item/2195-shkolnoe-obuchenie-v-knr.html
../1957anti.ru/publications/item/355-a-ty-khotel-by-zhit-pri-staline-chast-iii.html
../1957anti.ru/publications/item/25-sportsmenam-olimpijtsam.html
../1957anti.ru/publications/item/2050-istoriya-osobogo-soveshchaniya-pri-nkvd-sssr-kak-diagnoz-nashej-istoriografii-spetssluzhb.html
../1957anti.ru/publications/item/2275-p-g-balaev-na-kanale-solovjov-live.html
../1957anti.ru/publications/item/137-vseobshchee-politekhnicheskoe-obrazovanie-prodolzhenie.html
../1957anti.ru/publications/item/595-kakoj-predmet-samyj-vazhnyj-i-slozhnyj.html
../1957anti.ru/publications/item/236-pro-aktsiyu-bessmertnyj-polk.html
../1957anti.ru/publications/item/2047-borba-nanajskikh-malchikov.html
../1957anti.ru/publications/item/364-pismo-ot-pamfilovoj-e.html
../1957anti.ru/publications/item/961-nep-1925-god-anons.html
../1957anti.ru/publications/item/1632-o-stradaniyakh-rossijskikh-levykh-ili-kak-khorosho-bylo-do-balaeva.html
../1957anti.ru/publications/item/2051-kazhdomu-po-potrebnosti.html
../1957anti.ru/publications/item/2126-doklad-si-tszinpina-na-xx-vsekitajskom-s-ezde-kommunisticheskoj-partii-kitaya.html
../1957anti.ru/publications/item/2318-razgrom-klevetnikov-retsenziya-na-novuyu-knigu-petra-balaeva-amira-galimova-rinata-tameeva.html
../1957anti.ru/publications/item/2232-pyatdesyat-ottenkov-rozovogo-chast-4-4-i-nikuda-nikuda-mne-ne-detsya-ot-stalina.html
../1957anti.ru/publications/item/2036-veterany-trotskizma-vspominayut.html
../1957anti.ru/publications/item/2113-para-shtrikhov-k-kartine-maslom-ili-k-voprosu-ob-avtorstve-operational-order-00447.html
../1957anti.ru/publications/item/2308-rasizm-ot-netvojnistov.html
../1957anti.ru/publications/item/2383-ateizm-religiya-i-kommunisty.html
../1957anti.ru/publications/item/2218-ot-krasnogo-noyabrya-do-korichnevogo-yanvarya.html
../1957anti.ru/publications/item/978-nep-stalin-na-xiv-s-ezde-anons.html
../1957anti.ru/publications/item/820-movement-program-accepted.html
../1957anti.ru/publications/item/806-kotorye-nam-ne-tovarishchi.html
../1957anti.ru/publications/item/373-a-ty-khotel-by-zhit-pri-staline-chast-vi-torgovlya.html
../1957anti.ru/publications/item/2205-dvoe-iz-lartsa-2-professor-mimikriruet.html
../1957anti.ru/publications/item/2344-100-let.html
../1957anti.ru/publications/item/1622-rabotat-po-putinski.html
../1957anti.ru/publications/item/1696-programma-dvizheniya-v-voprosakh-i-otvetakh-vvedenie.html
../1957anti.ru/publications/item/2102-repressirovannaya-lingvistika-razoblachiteli-ashnin-fjodor-dmitrievich.html
../1957anti.ru/publications/item/727-komedijnaya-gaponovshchina.html
../1957anti.ru/publications/item/2185-moloko-palmovoe-maslo-i-vkusovye-retseptory-levakov.html
../1957anti.ru/publications/item/2129-zachem-na-zerkalo-penyat-ezheli-lik-ne-angelskij.html
../1957anti.ru/publications/item/225-o-vnutriklassovom-shovinizme.html
../1957anti.ru/publications/item/1915-gosudarstvo-chto-ty-takoe.html
../1957anti.ru/publications/item/2401-kitajskij-plan-preobrazovaniya-prirody.html
../1957anti.ru/publications/item/618-2-0.html
../1957anti.ru/publications/item/2096-kakomu-terroru-podvergali-intelligentsiyu-v-sssr.html
../1957anti.ru/publications/item/1828-otvet-dzho.html
../1957anti.ru/publications/item/2419-pereobuvka-levykh-i-kak-nam-reagirovat.html
../1957anti.ru/publications/item/9-vorchaniya-starogo-marksista-o-vyborakh.html
../1957anti.ru/publications/item/2439-pyat-prichin-ne-golosovat-za-kandidatov-v-deputaty.html
../1957anti.ru/publications/item/1119-nasha-studiya.html
../1957anti.ru/publications/item/1122-kinoklub-1957anti-tretij-udar.html
../1957anti.ru/publications/item/1964-klassovaya-solidarnost-proletariata-vozmozhna-li-ona.html
../1957anti.ru/publications/item/2213-istoriya-otechestva.html
../1957anti.ru/publications/item/2357-glavnaya-opasnost-dlya-rossii-po-povodu-intervyu-putina-karlsonu.html
../1957anti.ru/publications/item/2443-semejnoe-schaste-pri-kapitalizme.html
../1957anti.ru/publications/item/1092-proletariat-razbushevalsya.html
../1957anti.ru/publications/item/2339-vybory-v-tsk-2024-rezultaty.html
../1957anti.ru/publications/item/2405-rkp-i-za-ramkami-deklaratsij.html
../1957anti.ru/publications/item/1723-imperializm-v-rossii-zanizhenie-pribyli-utechka-riski-i-krizisy.html
../1957anti.ru/publications/item/835-politekhnicheskoe-obuchenie-kratkoe-izlozhenie-suti-voprosa.html
../1957anti.ru/publications/item/2104-oleg-kulikov-nekrolog.html
../1957anti.ru/publications/item/1075-birthday-of-the-communist-ernst-thalmann.html
../1957anti.ru/publications/item/1588-biologicheskie-posledstviya-restavratsii-kapitalizma.html
../1957anti.ru/publications/item/597-tlya.html
../1957anti.ru/publications/item/2359-bolshevistskaya-natspolitika-i-nebolshevistskaya.html
../1957anti.ru/publications/item/2389-voistinu-rodilsya.html
../1957anti.ru/publications/item/1881-o-bednom-fashiste-zamolvite-slovo.html
../1957anti.ru/publications/item/940-klassiki-o-novoj-ekonomicheskoj-politike-anons-prodolzheniya.html
../1957anti.ru/publications/item/2188-svo.html
../1957anti.ru/publications/item/1065-fakty-o-beriya.html
../1957anti.ru/publications/item/2083-o-kitajskom-stroitelnom-krizise.html
../1957anti.ru/publications/item/2037-likvidatsiya-istericheskoj-pamyati.html
../1957anti.ru/publications/item/31-v-mariinke-prepodali-urok-istorii.html
../1957anti.ru/publications/item/2358-mafiya-sekta-ili-partiya.html
../1957anti.ru/publications/item/1699-programma-dvizheniya-v-voprosakh-i-otvetakh-mif-o-bolshom-terrore.html
../1957anti.ru/publications/item/1023-dva-vzglyada-na-kitajskuyu-revolyutsiyu-anons-prodolzheniya.html
../1957anti.ru/publications/item/2400-novaya-zvezda-levakov-i-mir-chudes.html
../1957anti.ru/publications/item/2417-partizanskoe-dvizhenie-v-yuzhnoj-koree-vo-vremya-korejskoj-vojny-zabytaya-borba-za-svobodu-i-sotsializm.html
../1957anti.ru/publications/item/2381-soprotivlyalis-li-kommunisty-2.html
../1957anti.ru/publications/item/1715-trotskizm-i-sovremennost-itogi-dk.html
../1957anti.ru/publications/item/1332-golova-professora-vangengejma-saga-o-solovetskom-rasstrele.html
../1957anti.ru/publications/item/2402-okh-uzh-eta-kritika-okh-uzh-eti-kritiki.html
../1957anti.ru/publications/item/270-segodnya-slushaet-on-dzhaz-a-zavtra-rodinu-prodast.html
../1957anti.ru/publications/item/471-mukhin-o-vlasti.html
../1957anti.ru/publications/item/2134-80-let-stalingradskoj-bitve-i-66-let-gastroliruyushchij-tsirk-istorikov.html
../1957anti.ru/publications/item/606-o-futbole-i-ne-tolko-o-nem.html
../1957anti.ru/publications/item/233-mozhno-li-ponyat-marksa-ne-izuchiv-gegelya.html
../1957anti.ru/publications/item/2435-prilozhenie-k-programme-informatsionnye-tekhnologii-pri-sotsializme.html
../1957anti.ru/publications/item/2007-arkhivnye-materialy-za-22-iyunya-1941-goda.html
../1957anti.ru/publications/item/1621-kulakov-raskulachit-kazakov-raskazachit-koryakov-nado-podumat.html
../1957anti.ru/publications/item/2360-krizis-evrejskoj-identichnosti.html
../1957anti.ru/publications/item/2261-borotba-i-genotba-bluzhdanie-vpotmakh.html
../1957anti.ru/publications/item/2338-narod-ustal-stroit-kommunizm-i-postroil-kapitalizm-logichno.html
../1957anti.ru/publications/item/2420-kapitalizm-v-kitae.html
../1957anti.ru/publications/item/2207-dvoe-iz-lartsa-4-svoj-sredi-chuzhikh-okonchanie.html
../1957anti.ru/publications/item/1049-zapiski-o-proshlom-ili-chemu-ne-uchat-v-burzhuaznoj-shkole.html
../1957anti.ru/publications/item/28-a-my-i-ne-igrali-olimpijskoj-sbornoj-posvyashchaetsya.html
../1957anti.ru/publications/item/1136-stalin-na-xvi-s-ezde-anons.html
../1957anti.ru/publications/item/1855-kommunist-safronov-zastupnik-kapitala.html
../1957anti.ru/publications/item/2202-otnositelno-falshivok-v-arkhivakh.html
../1957anti.ru/publications/item/687-gajdar.html
../1957anti.ru/publications/item/1967-12-iyunya.html
../1957anti.ru/publications/item/360-a-ty-khotel-by-zhit-pri-staline-chast-v-trud.html
../1957anti.ru/publications/item/159-antisovetchik-gena.html
../1957anti.ru/publications/item/805-proletariat-and-working-time.html
../1957anti.ru/publications/item/1710-programma-dvizheniya-v-voprosakh-i-otvetakh-diktatura-partii.html
../1957anti.ru/publications/item/2217-bibliotechnyj-patriotizm-vne-politiki.html
../1957anti.ru/publications/item/76-chitaya-klassikov.html
../1957anti.ru/publications/item/2061-aktivnaya-oborona.html
../1957anti.ru/publications/item/2028-materializm-i-istoriya-ch-3.html
../1957anti.ru/publications/item/1527-o-kommunisticheskom-dvizhenii-imeni-antipartijnoj-gruppy-1957-g.html
../1957anti.ru/publications/item/1486-triumf-voli.html
../1957anti.ru/publications/item/2364-analiz-intervyu-putina-ot-08-02-2024.html
../1957anti.ru/publications/item/2008-khroniki-reabilitatsij.html
../1957anti.ru/publications/item/47-pochemu-istoriya-vsjo-taki-nauka.html
../1957anti.ru/publications/item/1212-maoizm-trotskizm-s-kitajskim-litsom.html
../1957anti.ru/publications/item/1067-operativnyj-prikaz-00447.html
../1957anti.ru/publications/item/1732-koronavirusnyj-krizis.html
../1957anti.ru/publications/item/1342-asotsialnoe-povedenie-rebenka-chem-ono-obuslovleno-i-kak-s-etim-borotsya.html
../1957anti.ru/publications/item/2139-o-strakhakh-levykh.html
../1957anti.ru/publications/item/154-o-nashej-spetsificheskoj-leksike.html
../1957anti.ru/publications/item/2406-ne-pozvolim-nemchure-perepisyvat-nam-istoriyu-my-ee-sami-perepishem.html
../1957anti.ru/publications/item/2392-zakhvat-sistemy-zdravookhraneniya-rf.html
../1957anti.ru/publications/item/1808-imperializm-v-rossii-benzin-i-separatizm.html
../1957anti.ru/publications/item/2285-istoricheskij-kikboksing-boi-bez-pravil-khuk-medinskomu-sleva.html
../1957anti.ru/publications/item/2054-o-deportatsiyakh-chechentsev-i-tatar.html
../1957anti.ru/publications/item/416-vy-khotite-revolyutsiyu-vy-khotite-grazhdanskuyu-vojnu.html
../1957anti.ru/publications/item/228-o-vnutriklassovom-shovinizme-chast-ii.html
../1957anti.ru/publications/item/2342-lejsya-pesnya.html
../1957anti.ru/publications/item/1671-igra-po-marksizmu-monopoliya-marks-odobryaet.html
../1957anti.ru/publications/item/24-diktatura-proletariata-i-sovetskij-defitsit-ch-ii.html
../1957anti.ru/publications/item/2438-konferentsiya-k-80-letiyu-velikoj-pobedy.html
../1957anti.ru/publications/item/2234-blyadi-ser-o-zakhoronenii-zhertv-37-go-goda-v-tiraspole.html
../1957anti.ru/publications/item/1944-sotsializm-voprosy-upravleniya-otnoshenie-k-melkoj-burzhuazii-i-pryamaya-demokratiya.html
../1957anti.ru/publications/item/1041-stalin-o-krizise-khlebozagotovok-anons.html
../1957anti.ru/publications/item/2403-otzyv-chitatelya-o-voroshilove.html
../1957anti.ru/publications/item/1956-svetskie-salony-i-ekspluatatsiya-kitajskikh-proletariev.html
../1957anti.ru/publications/item/688-9-sentyabrya-i-9-yanvarya.html
../1957anti.ru/publications/item/1656-druzya-naroda-sotnyu-let-spustya-dvizhenie-za-novyj-sotsializm.html
../1957anti.ru/publications/item/1945-tolerantnye-topi.html
../1957anti.ru/publications/item/370-obosnovannost-ugolovnogo-presledovaniya-za-osushchestvlenie-vreditelskoj-deyatelnosti-v-1937-38-gg.html
../1957anti.ru/publications/item/39-monarkhisty-glazami-trezvogo-cheloveka.html
../1957anti.ru/publications/item/594-eshche-raz-pro-politekhnicheskoe-obrazovanie.html
../1957anti.ru/publications/item/939-raz-yasnenie-nekotorykh-polozhenij-programmy-dvizheniya-dlya-predstavitelej-melkoj-i-srednej-burzhuazii.html
../1957anti.ru/publications/item/960-zarplata-pri-kapitalizme-i-sotsializme.html
../1957anti.ru/publications/item/2197-budet-li-u-nas-normalnaya-shkola.html
../1957anti.ru/publications/item/141-sovetskaya-shkola-iz-knigi-o-berii.html
../1957anti.ru/publications/item/1948-chuzhoj-sredi-chuzhikh-svoj-sredi-svoikh.html
../1957anti.ru/publications/item/706-petrov-i-vasechkin.html
../1957anti.ru/publications/item/34-sto-let-oktyabrskoj-revolyutsii.html
../1957anti.ru/publications/item/1713-programma-dvizheniya-v-voprosakh-i-otvetakh-klassy-v-sovremennoj-rossii.html
../1957anti.ru/publications/item/1557-prikazano-oshelmovat-i-vycherknut-iz-istorii.html
../1957anti.ru/publications/item/2094-plokhoj-signal-ili-novoe-yavlenie-arkhivariusa-boguslavskogo.html
../1957anti.ru/publications/item/1689-molodoj-lenin-anons.html
../1957anti.ru/publications/item/1088-trebovanie-ravnopraviya-eto-bolshevizm.html
../1957anti.ru/publications/item/2159-konferentsiya-posvyashchennaya-bolshomu-terroru.html
../1957anti.ru/publications/item/70-nuzhno-bolshe-mnenij.html
../1957anti.ru/publications/item/476-reaktsiya-na-sobytiya-5-maya-2018-goda.html
../1957anti.ru/publications/item/1992-kvartirnyj-vopros.html
../1957anti.ru/publications/item/1749-okopnaya-pravda.html
../1957anti.ru/publications/item/464-avtoritety-mukhina-shpiony-i-predateli.html
../1957anti.ru/publications/item/2019-spetsialno-dlya-neistorika-i-nepisatelya-kozinkina-i-prochikh-martirosyanov.html
../1957anti.ru/publications/item/1994-itogi-proshedshikh-vyborov.html
../1957anti.ru/publications/item/2123-tri-sorpus-delicti-i-tri-modus-operandi-razvitiya-marksizma.html
../1957anti.ru/publications/item/989-raznoglasiya-s-oppozitsiej-k-voprosam-leninizma-anons.html
../1957anti.ru/publications/item/2166-ob-akademicheskikh-i-neakademicheskikh-napravleniyakh-v-nauke-i-ob-arakcheevskom-rezhime.html
../1957anti.ru/publications/item/2385-o-diktature-proletariata.html
../1957anti.ru/publications/item/2228-pyatdesyat-ottenkov-rozovogo-chast-2-o-bednom-george-zamolvite-slovo.html
../1957anti.ru/publications/item/2141-otkrytoe-pismo-lideru-rabochej-partii-rossii.html
../1957anti.ru/publications/item/2154-sledstvie-veli-kolobki-proryv-ch-5.html
../1957anti.ru/publications/item/155-yavlyalsya-li-lenin-storonnikom-uravnilovki.html
../1957anti.ru/publications/item/1988-kitajskij-zavod-i-podrobno-o-byte-rabochikh-2.html
../1957anti.ru/publications/item/2026-materializm-i-istoriya-ch-1.html
../1957anti.ru/publications/item/2330-o-vyborakh-v-tsk-kommunisticheskogo-dvizheniya-imeni-antipartijnoj-gruppy-1957-goda.html
../1957anti.ru/publications/item/1027-stalin-na-xv-s-ezde-anons.html
../1957anti.ru/publications/item/2271-zhertva-rezhima-borya-kagarlitskij-i-ego-pastva.html
../1957anti.ru/publications/item/2372-vybory-vybory-krakh-levoj-oppozitsii.html
../1957anti.ru/publications/item/1095-chastnyj-kapital-v-sssr-okonchanie-anons.html
../1957anti.ru/publications/item/2281-istoricheskij-kikboksing-boi-bez-pravil-vstuplenie.html
../1957anti.ru/publications/item/2262-avtoru-knigi-lozh-i-pravda-ob-urochishche-sandarmokh.html
../1957anti.ru/publications/item/1196-rynochnaya-ekonomika-pri-staline.html
../1957anti.ru/publications/item/2035-memorial-likvidirovan.html
../1957anti.ru/publications/item/2430-prilozhenie-k-programme-borba-s-levym-dvizheniem.html
../1957anti.ru/publications/item/1987-v-trekh-sosnakh-zabludilis.html
../1957anti.ru/publications/item/2337-spekulyatsii-vokrug-voennykh-poter-i-chislennosti-naseleniya-sssr.html
../1957anti.ru/publications/item/2088-istorikam-zdes.html
../1957anti.ru/publications/item/2215-sudba-ezhova.html
../1957anti.ru/publications/item/902-kak-svarit-psevdokommunisticheskuyu-kashu-v-golove.html
../1957anti.ru/publications/item/1356-o-razlozhenii-flota-v-1917-godu.html
../1957anti.ru/publications/item/1500-proletariat.html
../1957anti.ru/publications/item/2018-bolshoj-strashnyj-terror-ili-bestolkovaya-strashilka.html
../1957anti.ru/publications/item/1997-skazka-o-trojke-v-arkhipelage-gulag.html
../1957anti.ru/publications/item/1265-20-letie-putina-zastoj-ili-gigantskij-shag-vperjod.html
../1957anti.ru/publications/item/2031-bezdna-levizny.html
../1957anti.ru/publications/item/1998-kitajskij-zavod-i-podrobno-o-byte-rabochikh-okonchanie.html
../1957anti.ru/publications/item/29-tekst-doklada-sergeya-pletneva-bolsheviki-i-grazhdanskie-vojny.html
../1957anti.ru/publications/item/2085-voprosy-i-otvety-1.html
../1957anti.ru/publications/item/689-likvidatsiya-kolkhozov-i-kooperativov-ch-1.html
../1957anti.ru/publications/item/2065-o-kosmopoliticheskoj-intelligentsii-dopolnenie.html
../1957anti.ru/publications/item/2211-samorazoblachenie-kommunizdvuyushchikh-reaktsiya-na-knigu-mif-o-bolshom-terrore.html
../1957anti.ru/publications/item/644-smert-svyatogo-idiota.html
../1957anti.ru/publications/item/2170-donbass-chast-3.html
../1957anti.ru/publications/item/2090-stalinskij-terror-vzglyadom-sledovatelya.html
../1957anti.ru/publications/item/901-kommunizm-i-borba-za-nego.html
../1957anti.ru/publications/item/222-o-proslojkakh.html
../1957anti.ru/publications/item/2144-sssr-de-yure-sushchestvuet.html
../1957anti.ru/publications/item/2410-sgovor-gitlera-i-stalina-kak-sozhrali-polshu-pakt-molotova-ribbentropa.html
../1957anti.ru/publications/item/630-istoriya-nauka-tochnaya.html
../1957anti.ru/publications/item/1792-imperializm-v-rossii-snizhenie-proizvoditelnosti-migratsiya.html
../1957anti.ru/publications/item/2356-pochemu-ty-ne-kommunist-otvet-druga-chast-1.html
../1957anti.ru/publications/item/686-na-smert-zakharchenko.html
../1957anti.ru/publications/item/1820-mnogokhodovochka-kosmonavtok.html
../1957anti.ru/publications/item/33-ogranichennye-resursy-okonchanie.html
../1957anti.ru/publications/item/1755-imperializm-v-rossii-delezh-mira.html
../1957anti.ru/publications/item/1935-kak-postroit-kommunizm.html
../1957anti.ru/publications/item/2074-bomba-lenina-i-natsist-gitler-mozhet-nashikh-oslov-khotya-by-na-konej-pomenyat.html
../1957anti.ru/publications/item/1950-narod-tot.html
../1957anti.ru/publications/item/2041-osnovanie-kpk-ili-1921.html
../1957anti.ru/publications/item/2130-zayavlenie-v-prokuraturu-po-povodu-falshivki-v-tsamo.html
../1957anti.ru/publications/item/2198-osetrinka-ne-pervoj-svezhesti-novyj-chestnyj-istorik-i-novaya-prichina-bolshogo-terrora.html
../1957anti.ru/publications/item/1712-programma-dvizheniya-v-voprosakh-i-otvetakh-preodolenie-kontrrevolyutsii.html
../1957anti.ru/publications/item/2247-dzhaz-bandy-marksizma-gruppovoj-psikhoz-variatsij-s-neznakomoj-partituroj-ch-2-2.html
../1957anti.ru/publications/item/1863-o-politicheskom-momente.html
../1957anti.ru/publications/item/2353-vseobshchaya-chastnaya-sobstvennost.html
../1957anti.ru/publications/item/2298-pamyatnik-vrangelu.html
../1957anti.ru/publications/item/2292-stulya-raz-ezzhayutsya-o-rossijskoj-vneshnej-politike.html
../1957anti.ru/publications/item/628-i-tushkoj-i-chuchelkom.html
../1957anti.ru/publications/item/1341-vse-na-borbu-s-trotskistskimi-tarakanami.html
../1957anti.ru/publications/item/21-krasnyj-imperets-stalin.html
../1957anti.ru/publications/item/1959-obostrenie-antikommunizma.html
../1957anti.ru/publications/item/2178-privokzalnaya-zhurnalistika-ch-5.html
../1957anti.ru/publications/item/500-ob-isklyuchenii-iz-dvizheniya-dvukh-uchastnikov.html
../1957anti.ru/publications/item/2052-marks-roboty-i-pribyl.html
../1957anti.ru/publications/item/1982-afganskij-izlom-2.html
../1957anti.ru/publications/item/2312-potukhshij-gorn-vzlet-i-vyrozhdenie-pionerii.html
../1957anti.ru/publications/item/1957-pro-spitsyna-i-ego-internatsionalizm.html
../1957anti.ru/publications/item/2418-kazakhstan-pod-gnjotom-kapitalistov.html
../1957anti.ru/publications/item/2169-donbass-chast-2.html
../1957anti.ru/publications/item/822-kak-proveryat-znaniya.html
../1957anti.ru/publications/item/2349-k-slovu-o-natsionalizme-krasnykh-kkhmerov.html
../1957anti.ru/publications/item/750-materializm-v-nauke.html
../1957anti.ru/publications/item/2015-perevorot.html
../1957anti.ru/publications/item/2162-ob-antikommunizme-v-vysshem-obrazovanii.html
../1957anti.ru/publications/item/2057-chto-delat-opyat-sakramentalnyj-vopros.html
../1957anti.ru/publications/item/2222-10-let-kulturnoj-revolyutsii.html
../1957anti.ru/publications/item/2268-peresmotr-roli-sssr-vo-vtoroj-mirovoj.html
../1957anti.ru/publications/item/1996-pro-strelka-iz-permi.html
../1957anti.ru/publications/item/2277-korrektirovka-pritsela.html
../1957anti.ru/publications/item/14-kitaj-sotsializm-ili-kapitalizm.html
../1957anti.ru/publications/item/2152-makhizm-i-mazokhizm-proryv-ch-3.html
../1957anti.ru/publications/item/1873-o-lvakh-i-shakalakh.html
../1957anti.ru/publications/item/2246-dzhaz-bandy-marksizma-gruppovoj-psikhoz-variatsij-s-neznakomoj-partituroj-ch-2-1.html
../1957anti.ru/publications/item/138-vseobshchee-politekhnicheskoe-obrazovanie.html
../1957anti.ru/publications/item/2251-obrashchenie-k-a-i-kolpakidi-istoriku-spetssluzhb.html
../1957anti.ru/publications/item/862-bitva-za-moskvu.html
../1957anti.ru/publications/item/1984-mechta-o-nepe-u-bolshevikov-do-revolyutsii-1917-ch-1.html
../1957anti.ru/publications/item/2391-pisma-s-fronta.html
../1957anti.ru/publications/item/2209-zhenka-duryng-nashego-vremeni.html
../1957anti.ru/publications/item/1999-kiryukhu-zakryli-okonchanie.html
../1957anti.ru/publications/item/1810-otvet-majsneru.html
../1957anti.ru/publications/item/1534-diskussionnyj-klub-dvizheniya.html
../1957anti.ru/publications/item/1001-lokhotron-memoriala-glava-iz-chernovika-knigi-petra-balaeva-trotskizm.html
../1957anti.ru/publications/item/1176-druzya-naroda-sergej-kara-murza.html
../1957anti.ru/publications/item/2208-udar-kitaya-po-ekonomizmu.html
../1957anti.ru/publications/item/1358-osnovnoj-ekonomicheskij-zakon-sotsializma.html
../1957anti.ru/publications/item/2014-godovshchina-revolyutsii.html
../1957anti.ru/publications/item/2266-pilite-shura-pilite-otvet-stepanovu-ot-adepta-balaeva.html
../1957anti.ru/publications/item/1374-vojna-bez-mifov-nachinaem-s-22-iyunya-anons.html
../1957anti.ru/publications/item/2413-chernovye-otryvki-k-broshyure-o-programme-nash-glavnyj-protivnik-vmesto-predisloviya.html
../1957anti.ru/publications/item/2137-prichiny-informatsionnoj-shumikhi-o-protestakh-v-kitae.html
../1957anti.ru/publications/item/690-likvidatsiya-kolkhozov-i-kooperativov-ch-2.html
../1957anti.ru/publications/item/1213-roboty-i-ustarevshij-marksizm.html
../1957anti.ru/publications/item/815-kakoj-baklan-sochinil-prikaz-ezhova-00447.html
../1957anti.ru/publications/item/1078-kak-nam-otnositsya-k-plagiatu-nashikh-idej.html
../1957anti.ru/publications/item/2273-o-razvitii-informatsionnykh-resursov-dvizheniya.html
../1957anti.ru/publications/item/1079-dzhambul-dzhabaev-anons.html
../1957anti.ru/publications/item/2220-11-sentyabrya-2001-afganskaya-mnogokhodovochka.html
../1957anti.ru/publications/item/1091-kto-kogo-zavalival-trupami-vo-vtoroj-mirovoj-ili-o-sovremennykh-zashchitnikakh-stalina.html
../1957anti.ru/publications/item/1985-dialogi-s-levymi-rossiyanami-4.html
../1957anti.ru/publications/item/2161-osen-delokrata.html
../1957anti.ru/publications/item/2179-privokzalnaya-zhurnalistika-ch-6.html
../1957anti.ru/publications/item/140-beriya-o-remi-meisner-i-nagradakh-voroshilovu.html
../1957anti.ru/publications/item/1087-chestnyj-dialog-pro-sssr-prodolzhenie.html
../1957anti.ru/publications/item/949-druzya-naroda-sotnyu-let-spustya-klony-i-oskolki-kpss-kprf.html
../1957anti.ru/publications/item/277-otnoshenie-dvizheniya-imeni-antipartijnoj-gruppy-1957-goda-k-deyatelnosti-s-g-kara-murzy.html
../1957anti.ru/publications/item/740-zhizn-pri-kommunizme-potreblenie-i-trud.html
../1957anti.ru/publications/item/2329-snova-vybory-vybory-kto-takie-nashi-levye.html
../1957anti.ru/publications/item/2346-vragi-naroda-levaya-fronda.html
../1957anti.ru/publications/item/485-para-slov-o-protestakh-5-maya.html
../1957anti.ru/publications/item/881-obrazovanie-soyuza-ssr-anons.html
../1957anti.ru/publications/item/2005-na-stolbe-visit-programma.html
../1957anti.ru/publications/item/789-k-obsuzhdeniyu-proekta-programmy-dvizheniya.html
../1957anti.ru/publications/item/74-po-povodu-burzhuev-proletariev-i-prochego-na-paltsa.html
../1957anti.ru/publications/item/157-kommunizm-i-marketing.html
../1957anti.ru/publications/item/336-knizhnyj-cherv-vs-stalevar.html
../1957anti.ru/publications/item/2373-azerbajdzhanskij-fashizm-osoznannaya-provokatsiya-ili-glupost.html
../1957anti.ru/publications/item/2116-sotsialisticheskaya-alternativa.html
../1957anti.ru/publications/item/817-gosudarstvo-i-sotsializm.html
../1957anti.ru/publications/item/892-kitaj-kapitalizm-ili-sotsializm-sanat-zhilkibaev.html
../1957anti.ru/publications/item/1224-fantazii-oslov-istorikov-o-srazhenii-pod-prokhorovkoj.html
../1957anti.ru/publications/item/466-tankist-metallist.html
../1957anti.ru/publications/item/2362-iz-pisem-v-redaktsiyu.html
../1957anti.ru/publications/item/2006-na-stolbe-visit-programma-2.html
../1957anti.ru/publications/item/631-za-schet-chego-zhiv-kapitalizm.html
../1957anti.ru/publications/item/846-natsionalnyj-vopros-anons.html
../1957anti.ru/publications/item/388-a-ty-patriot.html
../1957anti.ru/publications/item/2010-arkhivnye-materialy-za-23-iyunya-1941-goda.html
../1957anti.ru/publications/item/2206-dvoe-iz-lartsa-3-professor-saturn-pochti-ne-viden.html
../1957anti.ru/publications/item/1384-psikhicheskie-problemy-nostalgiruyushchikh-po-brezhnevizmu.html
../1957anti.ru/publications/item/142-o-zarplatakh-pri-kapitalizme.html
../1957anti.ru/publications/item/2336-ostrov-damanskij-bolno-do-sikh-por.html
../1957anti.ru/publications/item/1591-paru-slov-v-zashchitu-putina.html
../1957anti.ru/publications/item/2324-s-chego-nachat.html
../1957anti.ru/publications/item/2025-kak-nas-durachat-mif-o-bolshom-terrore-1937-goda.html
../1957anti.ru/publications/item/2039-malenkov.html
../1957anti.ru/publications/item/2163-k-godovshchine-krovavogo-voskresenya-1905-goda-nesushchestvuyushchie-zagadki.html
../1957anti.ru/publications/item/343-stalin-i-kadyrov.html
../1957anti.ru/publications/item/575-progress-protiv-cheloveka.html
../1957anti.ru/publications/item/2001-novaya-kniga-petra-balaeva-mif-o-bolshom-terrore-naglaya-antistalinskaya-provokatsiya.html
../1957anti.ru/publications/item/1600-nasushchnye-zadachi-mestnoj-promyshlennosti-i-promyslovoj-kooperatsii.html
../1957anti.ru/publications/item/2343-problemy-organizatsii-truda-v-it-sektore.html
../1957anti.ru/publications/item/335-kak-otmyt-chernogo-kobelya.html
../1957anti.ru/publications/item/2101-repressirovannaya-lingvistika-razoblachiteli-nasilov-dmitrij-mikhajlovich.html
../1957anti.ru/publications/item/470-protest-protiv-zdravogo-smysla.html
../1957anti.ru/publications/item/2219-kuda-katitsya-etot-mir.html
../1957anti.ru/publications/item/814-pereidem-na-lichnosti.html
../1957anti.ru/publications/item/2315-territorialnoe-ustrojstvo-rossijskoj-federatsii-neskolko-voprosov-ot-lingvista.html
../1957anti.ru/publications/item/2151-vchera-v-palate-nomer-sem-odin-svikhnulsya-nasovsem-proryv-ch-2.html
../1957anti.ru/publications/item/2282-istoricheskij-kikboksing-boi-bez-pravil-sving-medinskomu-sprava-iz-za-bugra.html
../1957anti.ru/publications/item/1966-ruso-turisto.html
../1957anti.ru/publications/item/2059-23-fevralya-den-raboche-krestyanskoj-krasnoj-armii.html
../1957anti.ru/publications/item/2305-demograficheskij-kapkan.html
../1957anti.ru/publications/item/2387-zashchita-grazhdanskikh-prav-v-sovremennom-obshchestve.html
../1957anti.ru/publications/item/2288-o-klevete.html
../1957anti.ru/publications/item/2110-krivoe-zerkalo-antisovetizma.html
../1957anti.ru/publications/item/1024-l-i-brezhnev-biografiya-partijnoj-svolochi.html
../1957anti.ru/publications/item/1947-brat-1-i-burzhuaznaya-propaganda.html
../1957anti.ru/publications/item/2136-armiya-naroda.html
../1957anti.ru/publications/item/1976-i-snova-uzhasy-goskapitalizma.html
../1957anti.ru/publications/item/2333-vybory-v-tsk-2024.html
../1957anti.ru/publications/item/1928-trotskizm-v-fantastike-ili-nepravilnye-popadantsy.html
../1957anti.ru/publications/item/2097-solovetskie-zloklyucheniya-meteorologa-i-bogoslova.html
../1957anti.ru/publications/item/872-natsionalnyj-vopros-anons-tretej-nedeli.html
../1957anti.ru/publications/item/1793-otkuda-vzyalsya-balaev.html
../1957anti.ru/publications/item/2244-dzhaz-bandy-marksizma-solo-psikhodelicheskoj-improvizatsii-ch-1-2.html
../1957anti.ru/publications/item/2399-chto-delat-armyanam.html
../1957anti.ru/publications/item/1073-honest-dialog-about-ussr-communists-and-modern-russia.html
../1957anti.ru/publications/item/2092-krakh-sssr-vzglyad-iz-sovremennogo-kitaya.html
../1957anti.ru/publications/item/2131-idealizm-i-empiriokretinizm.html
../1957anti.ru/publications/item/2046-kprf-podtverdila-svoyu-reputatsiyu.html
../1957anti.ru/publications/item/1291-ob-istorikakh-otvety-na-voprosy-chitatelej.html
../1957anti.ru/publications/item/2115-chto-vam-nuzhno-znat-o-mobilizatsii.html
../1957anti.ru/publications/item/2216-snova-o-psevdolevoj-shvali-ili-skazhem-brattsy-pryamo-povtorim-na-bis.html
../1957anti.ru/publications/item/2043-izvestnyj-levyj-istorik-spetssluzhb-a-i-kolpakidi-kto-on-na-samom-dele.html
../1957anti.ru/publications/item/379-rebjonok-i-kompyuter.html
../1957anti.ru/publications/item/1003-stalin-i-trotskij-dva-vzglyada-na-kitajskuyu-revolyutsiyu-anons.html
../1957anti.ru/publications/item/685-narod-ne-tort.html
../1957anti.ru/publications/item/1971-na-vopros-o-pandemii-covid-19.html
../1957anti.ru/publications/item/2257-poslanie-kommunizdvuyushchim.html
../1957anti.ru/publications/item/2404-partiya-novaya-uklony-starye.html
../1957anti.ru/publications/item/2177-privokzalnaya-zhurnalistika-ch-4.html
../1957anti.ru/publications/item/2415-yugoslaviya-oplot-natsionalizma-i-revizionizma-titovskaya-variatsiya-sotsial-imperializma.html
../1957anti.ru/publications/item/2320-slovo-patsana-antisovetskaya-agitka-na-bermudskie-dengi.html
../1957anti.ru/publications/item/2203-dvoe-iz-lartsa-1-glavvrach-bredit.html
../1957anti.ru/publications/item/2325-molodjozh-rukovodstvo-k-dejstviyu.html
../1957anti.ru/publications/item/1630-meshchanstvo.html
../1957anti.ru/publications/item/785-mnenie-petra-balaeva-o-problemakh-dvizheniya.html
../1957anti.ru/publications/item/1958-a-ne-finansiruet-li-nashikh-levykh-gosdep.html
../1957anti.ru/publications/item/791-poslednee-pribezhishche-negodyaya.html
../1957anti.ru/publications/item/536-obrashchenie-orgbyuro-k-passivnym-uchastnikam-dvizheniya.html
../1957anti.ru/publications/item/2319-rangovyj-obmen-ili-otkuda-berjotsya-neravenstvo.html
../1957anti.ru/publications/item/2138-bitva-za-rossiyu-1943-film.html
../1957anti.ru/publications/item/1222-chto-ne-tak-s-vostochnoj-evropoj-migranty.html
../1957anti.ru/publications/item/2196-materialnaya-osnova-kommunisticheskogo-obshchestva.html
../1957anti.ru/publications/item/2425-o-nyneshnikh-sredstvakh-borby.html
../1957anti.ru/publications/item/1290-vojna-bez-mifov-predvaritelnye-vyvody.html
../1957anti.ru/publications/item/2265-sovremennaya-artilleriya-i-svo.html
../1957anti.ru/publications/item/2099-repressirovannaya-lingvistika.html
../1957anti.ru/publications/item/2280-novejshaya-istoriya-i-obizhennye-chechentsy.html
../1957anti.ru/publications/item/1859-sovetskaya-meditsina.html
../1957anti.ru/publications/item/443-lenin-i-russkost.html
../1957anti.ru/publications/item/1698-programma-dvizheniya-v-voprosakh-i-otvetakh-razvitie-sotsializma-v-sssr.html
../1957anti.ru/publications/item/668-den-rozhdeniya-pastukha-dlya-chlenov-partii-velikoe-otechestvo.html
../1957anti.ru/publications/item/801-revolyutsiya-diktatura-proletariata-i-kitaj.html
../1957anti.ru/publications/item/2066-my-preduprezhdali-chto-budet-veselo-pro-ukrainu-i-ne-tolko.html
../1957anti.ru/publications/item/2314-krylo-peredovogo-trotskizma.html
../1957anti.ru/publications/item/818-istoricheskaya-teologiya.html
../1957anti.ru/publications/item/1981-afganskij-izlom-1.html
../1957anti.ru/publications/item/1502-pozdravlenie-s-godovshchinoj-revolyutsii.html
../1957anti.ru/publications/item/400-o-taktike-politicheskoj-borby-chast-ii.html
../1957anti.ru/publications/item/272-predstavitelskie-avtomobili-rossii-pri-sotsializme-i-kapitalizme.html
../1957anti.ru/publications/item/2091-chuklanov-raskrylsya.html
../1957anti.ru/publications/item/2345-podtverzhdenie-togo-chto-trotskij-nenavidel-lenina-i-klevetal-na-nego-do-kontsa-zhizni.html
../1957anti.ru/publications/item/1276-kontrakt-veka-kinoklub-1957anti.html
../1957anti.ru/publications/item/2397-natsionalnyj-vopros-v-sovremennoj-rossii.html
../1957anti.ru/publications/item/1946-o-soyuze-s-melkoj-burzhuaziej.html
../1957anti.ru/publications/item/997-obshchestvo-i-sotsializm.html
../1957anti.ru/publications/item/2270-kto-otvetstvenen-za-gumanitarnuyu-katastrofu.html
../1957anti.ru/publications/item/1936-o-pamyatnike-dzerzhinskomu.html
../1957anti.ru/publications/item/2307-k-predlozheniyu-po-pereizbraniyu-tsk-istoriya-i-perspektiva.html
../1957anti.ru/publications/item/143-razdelnoe-obrazovanie-s-klassovykh-pozitsij.html
../1957anti.ru/publications/item/2145-vsjo-ravno-chto-v-lob-emu-chto-po-lbu-vsjo-edino.html
../1957anti.ru/publications/item/2153-khoroshij-nauchnyj-tsentralist-lzhivyj-nauchnyj-tsentralist-proryv-ch-4.html
../1957anti.ru/publications/item/1066-bolshoj-terror-kotorogo-ne-bylo.html
../1957anti.ru/publications/item/479-tsena-pobedy.html
../1957anti.ru/publications/item/1811-kommunisty-ne-menyayutsya.html
../1957anti.ru/publications/item/2173-donbass-chast-4-okonchanie.html
../1957anti.ru/publications/item/45-kakim-bylo-sovetskoe-obrazovanie.html
../1957anti.ru/publications/item/2235-kitajskaya-gramota.html
../1957anti.ru/publications/item/391-ekonomicheskaya-diversiya-pri-oplate-truda-v-sssr.html
../1957anti.ru/publications/item/873-rynok-pri-kapitalizme-i-sotsializme.html
../1957anti.ru/publications/item/2098-smertelnoe-sibirskoe-puteshestvie-filosofa-shpeta.html
../1957anti.ru/publications/item/468-mukhin-o-melkoj-partii.html
../1957anti.ru/publications/item/2114-igra-v-kalmara.html
../1957anti.ru/publications/item/1939-obrashchenie-ko-vsem-chlenam-dvizheniya-57.html
../1957anti.ru/publications/item/802-den-7-noyabrya.html
../1957anti.ru/publications/item/484-raz-yasnenie-po-voprosam-sozdaniya-pervichnykh-organizatsij-dvizheniya.html
../1957anti.ru/publications/item/1456-v-gostyakh-u-gazproma.html
../1957anti.ru/publications/item/730-ege-protiv-sovetskoj-sistemy-obrazovaniya.html
../1957anti.ru/publications/item/1868-chto-delat-molodym-kommunistam.html
../1957anti.ru/publications/item/2084-tipichnaya-reviziya-sotsializma.html
../1957anti.ru/publications/item/184-velikij-simvol-ushedshej-epokhi.html
../1957anti.ru/publications/item/1733-koronavirus-oruzhie-krupnoj-burzhuazii-vzglyad-iz-krasnodara.html
../1957anti.ru/publications/item/139-beriya-iz-zaklyuchitelnoj-glavy.html
../1957anti.ru/publications/item/2117-est-li-u-rossii-armiya.html
../1957anti.ru/publications/item/2011-arkhivnye-materialy-za-24-iyunya-1941-goda.html
../1957anti.ru/publications/item/707-test-na-uzkoglazie.html
../1957anti.ru/publications/item/436-lafarg-vs-popov.html
../1957anti.ru/publications/item/1089-ubijstvo-stalina-delo-vrachej-chast-1.html
../1957anti.ru/publications/item/629-protest-i-protest.html
../1957anti.ru/publications/item/2290-o-t-n-konflikte-krupskoj-i-makarenko-nekotorye-mysli.html
../1957anti.ru/publications/item/2121-a-v-mo-rf-v-armiyu-voobshche-umeyut.html
../1957anti.ru/publications/item/186-delenie-obrazovaniya-kak-priznak-trotskizma-ili-eshche-raz-o-gumanitariyakh-i-tekhnaryakh-s-klassovykh-pozitsij.html
../1957anti.ru/publications/item/2350-zamknutyj-krug.html
../1957anti.ru/publications/item/2321-est-u-nas-somnenie-chto-ty-mil-chelovek-stukachok.html
../1957anti.ru/publications/item/2379-o-kritikakh-moikh-rabot.html
../1957anti.ru/publications/item/854-natsionalnyj-vopros-itogi-i-anons-prodolzheniya.html
../1957anti.ru/publications/item/420-nikogda-takogo-ne-bylo-i-vot-opyat.html
../1957anti.ru/publications/item/1104-i-stalin-o-pravom-uklone-anons.html
../1957anti.ru/publications/item/22-noch-pered-rozhdestvom.html
../1957anti.ru/publications/item/2317-brosat-sneg-na-vechnyj-ogon-nelzya-na-nego-mozhno-shvyryat-navoz.html
../1957anti.ru/publications/item/2365-konferentsiya-posvyashchennaya-knige-kleveta-na-krasnuyu-armiyu-istoriografiya-1941-goda.html
../1957anti.ru/publications/item/948-klassiki-o-plane-elektrifikatsii-anons.html
../1957anti.ru/publications/item/2302-vzglyad-na-moralnye-problemy-v-mezhdunarodnoj-politike-s-pozitsij-palestino-izrailskogo-konflikta-i-rossijsko-ukrainskoj-vojny.html
../1957anti.ru/publications/item/937-klassiki-o-novoj-ekonomicheskoj-politike-anons-prodolzheniya.html
../1957anti.ru/publications/item/1949-brat-2-i-burzhuaznaya-propaganda.html
../1957anti.ru/publications/item/2060-rol-l-d-trotskogo-v-sozdanii-krasnoj-armii.html
../1957anti.ru/publications/item/2022-afganistan-i-kosmopolity.html
../1957anti.ru/publications/item/276-vlast-i-partiya-dorabotannaya-statya-dvumya-chastyami-chast-ii.html
../1957anti.ru/publications/item/2044-razvod-lokhov-po-platoshkinu-sushchestvuet-li-dzns.html
../1957anti.ru/publications/item/241-makarenko-i-krupskaya-sistema-kommunisticheskogo-vospitaniya.html
../1957anti.ru/publications/item/2076-pravilnoe-ponimanie-osnovnykh-teoreticheskikh-i-prakticheskikh-problem-razvitiya-kitaya.html
../1957anti.ru/publications/item/345-vseobshchee-politekhnicheskoe-obrazovanie-okonchanie.html
../1957anti.ru/publications/item/1214-klassiki-ukhodyat-na-kanikuly.html
../1957anti.ru/publications/item/1926-o-rezultatakh-vyborov-v-krasnodare-i-krasnodarskom-krae.html
../1957anti.ru/publications/item/413-o-taktike-politicheskoj-borby-chast-iv.html
../1957anti.ru/publications/item/1993-sorevnovanie-antikommunisticheskikh-klanov.html
../1957anti.ru/publications/item/1870-chto-stalin-mog-skazat-o-tadzhikakh.html
../1957anti.ru/publications/item/2111-chto-zhdet-nato-es-i-ssha.html
../1957anti.ru/publications/item/1025-m-s-gorbachev-strannosti-biografii.html
../1957anti.ru/publications/item/16-kto-nachal-grazhdanskuyu-vojnu.html
../1957anti.ru/publications/item/2408-kogda-byl-tridtsat-sedmoj-god-v-tridtsat-shestom-godu-estestvenno.html
../1957anti.ru/publications/item/2034-o-knige-otpravivshej-mif-o-bolshom-terrore-na-svalku-istorii.html
../1957anti.ru/publications/item/2127-28-panfilovtsev-byl-li-predatelem-dobrobabin.html
../1957anti.ru/publications/item/2374-otvet-drugu-chast-3-petrovoj.html
../1957anti.ru/publications/item/2187-progulki-ot-butova-do-kommunarki.html
../1957anti.ru/publications/item/1589-krepostnye-kolkhozniki-i-dvukhkonturnaya-ekonomika-sssr.html
../1957anti.ru/publications/item/1357-kitajskij-pragmatizm.html
../1957anti.ru/publications/item/2253-khishchenie-i-poddelka-arkhivnykh-dokumentov-metodika-rynok-riski.html
../1957anti.ru/publications/item/2440-pochemu-kitaj-sotsialisticheskaya-strana.html
../1957anti.ru/publications/item/463-kogo-yu-i-mukhin-lyubit-bolshe-stalina-ili-gorbacheva.html
../1957anti.ru/publications/item/1601-o-lichnoj-sobstvennosti-pri-sotsializme.html
../1957anti.ru/publications/item/2426-vopros-o-zaveshchanii-lenina-i-o-seksualnoj-svyazi-kprf-i-gorbachev-fonda.html
../1957anti.ru/publications/item/2223-pismo-iz-kitaya.html
../1957anti.ru/publications/item/1533-programmisty-i-khudozhniki-ne-proletarii-oni-dayut-tolko-idei.html
../1957anti.ru/publications/item/1317-vojna-bez-mifov-borba-s-natsionalisticheskim-podpolem-realnaya-i-vydumannaya-anons.html
../1957anti.ru/publications/item/1211-rossijskij-imperializm-kak-naslednik-sotsial-imperializma-poststalinskogo-sssr.html
../1957anti.ru/publications/item/26-tekst-doklada-dmitriya-zhuchenko-novaya-ekonomicheskaya-politika-sovetskoj-vlasti-1922-1936-gg.html
../1957anti.ru/publications/item/2394-vne-politiki.html
../1957anti.ru/publications/item/144-glavnaya-beda-levogo-dvizheniya-v-rossii.html
../1957anti.ru/publications/item/1827-malchiki-v-pesochnitse.html
../1957anti.ru/publications/item/1979-zadachi-politicheskoj-borby-chast-1.html
../1957anti.ru/publications/item/1556-umstvennyj-i-ruchnoj-trud.html
../1957anti.ru/publications/item/1152-budni-novoj-zhizni-anons.html
../1957anti.ru/publications/item/454-lozh-po-povodu-rechi-stalina-na-plenume-tsk-kpss-16-oktyabrya-1952-goda.html
../1957anti.ru/publications/item/2193-novoe-mesto-provedeniya-konfrentsii.html
../1957anti.ru/publications/item/2184-glavred-redin.html
../1957anti.ru/publications/item/273-krupskaya-makarenko-i-stalinskie-reformy-obrazovaniya.html
../1957anti.ru/publications/item/2347-armyanskij-vopros.html
../1957anti.ru/publications/item/1577-tovarishch-stalin-vozhd-progressivnogo-chelovechestva.html
../1957anti.ru/publications/item/2181-privokzalnaya-zhurnalistika-ch-8.html
../1957anti.ru/publications/item/36-100-let-velikomu-oktyabryu.html
../1957anti.ru/publications/item/2105-s-dnem-prodavtsa-urokov.html
../1957anti.ru/publications/item/2249-dzhaz-bandy-marksizma-gruppovoj-psikhoz-variatsij-s-neznakomoj-partituroj-ch-2-3.html
../1957anti.ru/publications/item/1953-otechestvennyj-mnogolikij-opportunizm-ili-kto-ty-gospodin-semin.html
../1957anti.ru/publications/item/2264-kazakhskie-kazaki-strashnye-skazki-o-raskulachivanii.html
../1957anti.ru/publications/item/883-video-iv-conferencii-dvijeniya.html
../1957anti.ru/publications/item/2427-o-patriotizme.html
../1957anti.ru/publications/item/1530-kaganovich.html
../1957anti.ru/publications/item/237-slomannyj-gorn-chast-i.html
../1957anti.ru/publications/item/162-lishnie-lyudi-takie-lishnie-chast-iii-i-poslednyaya.html
../1957anti.ru/publications/item/2081-vsjo-khorosho-drazhajshij-majn-fyurer.html
../1957anti.ru/publications/item/2354-istoriya-odnogo-udivitelnogo-genotsida.html
../1957anti.ru/publications/item/156-o-zadachakh-kommunisticheskoj-partii.html
../1957anti.ru/publications/item/7-programmisty-proletarii-ili-net-kritika-vystupleniya-professora-popova.html
../1957anti.ru/publications/item/1644-agitka-ot-fomy-ili-otkrovenie-pavla-prozrevshego.html
../1957anti.ru/publications/item/1951-volna-patriotizma.html
../1957anti.ru/publications/item/803-obraz-praporshchika-pidorenko-v-okolokommunisticheskoj-blogosfere.html
../1957anti.ru/publications/item/2023-o-pravozashchitnikakh-pod-vyveskoj-istorikov-lingvistov-i-literaturovedov.html
../1957anti.ru/publications/item/1294-oppozitsiya-kurilshchika.html
../1957anti.ru/publications/item/1972-k-voprosu-o-sobstvennosti.html
../1957anti.ru/publications/item/2133-golij-korol-evreev.html
../1957anti.ru/publications/item/2241-tainstvennaya-sudba-n-i-ezhova.html
../1957anti.ru/publications/item/823-pochemu-kommunist-dolzhen-znat-istoriyu-i-borotsya-za-istoricheskuyu-pravdu.html
../1957anti.ru/publications/item/2243-dzhaz-bandy-marksizma-solo-psikhodelicheskoj-improvizatsii-ch-1-1.html
../1957anti.ru/publications/item/2348-otkuda-skachet-trojka-nkvd.html
../1957anti.ru/publications/item/957-ni-dnya-bez-klassikov-nep-v-1924-25-godakh-anons.html
../1957anti.ru/publications/item/1968-u-menya-zazvonil-telefon.html
../1957anti.ru/publications/item/2322-vse-vstalo-na-svoi-mesta-retsenziya-na-novuyu-knigu-petra-balaeva.html
../1957anti.ru/publications/item/1702-diskussionnyj-klub-trotskizm-i-sovremennost.html
../1957anti.ru/publications/item/1177-rovno-v-4-chasa-fakty-byut-mify.html
../1957anti.ru/publications/item/68-chem-plokha-klassnaya-sistema.html
../1957anti.ru/publications/item/135-vybory-vybory-kandidaty-kommunisty.html
../1957anti.ru/publications/item/619-lego-dlya-politika.html
../1957anti.ru/publications/item/2237-sammit-tsentralnaya-aziya-kitaj-ili-plach-yaroslavny-rossijskikh-smi-i-rossijskogo-segmenta-interneta.html
../1957anti.ru/publications/item/1645-trotskizm-i-fashizm-dvulikij-yanus-antikommunizma.html
../1957anti.ru/publications/item/2363-voprosy-po-bolshoooomu-terroru.html
../1957anti.ru/publications/item/2258-dzhaz-bandy-marksizma-raz-v-god-i-palka-strelyaet-ch-3-3-okonchanie.html
../1957anti.ru/publications/item/1590-kolkhoznoe-stroitelstvo.html
../1957anti.ru/publications/item/2256-dzhaz-bandy-marksizma-raz-v-god-i-palka-strelyaet-ch-3-2.html
../1957anti.ru/publications/item/2291-sovremennye-druzya-naroda-konstantin-sjomin-remi-majsner.html
../1957anti.ru/publications/item/2335-krizis-menshevizma-v-rf-tochnee-protsess-izdykhaniya.html
../1957anti.ru/publications/item/350-a-ty-khotel-by-zhit-pri-staline.html
../1957anti.ru/publications/item/2284-istoricheskij-kikboksing-boi-bez-pravil-pravyj-khuk-medinskomu-ottuda-zhe.html
../1957anti.ru/publications/item/769-derevnya-protiv-goroda-chitaya-majsuryana.html
../1957anti.ru/publications/item/2082-22-iyunya-den-chej-pamyati-o-chjom-i-chej-skorbi-o-chjom.html
../1957anti.ru/publications/item/770-klassiki-i-antiklassiki-anons.html
../1957anti.ru/publications/item/2087-mirovaya-katastrofa.html
../1957anti.ru/publications/item/1639-druzya-naroda-sotnyu-let-spustya-kpkr.html
../1957anti.ru/publications/item/1714-programma-dvizheniya-v-voprosakh-i-otvetakh-voprosy-sotsializma.html
../1957anti.ru/publications/item/2295-kholodilnik-pobedit-televizor.html
../1957anti.ru/publications/item/1831-khodit-na-vybory-ili-ne-khodit-na-vybory-golosovat-ili-ne-golosovat.html
../1957anti.ru/publications/item/509-torzhestvo-pravosudiya-nad-krasnymi-kkhmerami.html
../1957anti.ru/publications/item/2009-na-stolbe-visit-programma-3.html
../1957anti.ru/publications/item/1924-s-novym-godom-s-godom-peremen.html
../1957anti.ru/publications/item/1826-druzya-naroda-sotnyu-let-spustya-partiya-alternativa-dlya-rossii-partiya-sotsialisticheskogo-vybora.html
../1957anti.ru/publications/item/1135-tundra-stolb-snegokhod-i-vlast-vybor-avangarda-proletariata.html
../1957anti.ru/publications/item/145-pochemu-bazovyj-dokhod-eto-plokho.html
../1957anti.ru/publications/item/2240-kritika-obrazovaniya-po-savvateevski.html
../1957anti.ru/publications/item/2326-svyazi-kitajskogo-svyaznogo.html
../1957anti.ru/publications/item/1020-o-nabolevshem.html
../1957anti.ru/publications/item/1991-kiryukhu-zakryli.html
../1957anti.ru/publications/item/165-yavlyaetsya-li-fashizm-sotsializmom.html
../1957anti.ru/publications/item/1194-utechka-kapitala-iz-rossii-v-uchebnik-za-podskazkami.html
../1957anti.ru/publications/item/2032-chto-proizojdjot-s-memorialom-ili-o-perspektivakh-dekommunizatsii-rossii.html
../1957anti.ru/publications/item/1036-kak-trotskij-stal-burzhuaznym-lakeem.html
../1957anti.ru/publications/item/2233-serial-operatsiya-neman-stebalovo-ko-dnyu-pobedy.html
../1957anti.ru/publications/item/2230-razbor-sergeya-romanova.html
../1957anti.ru/publications/item/1869-navalnyj-skripal-trotskij-zhertvy-tiranov.html
../1957anti.ru/publications/item/351-a-ty-khotel-by-zhit-pri-staline-chast-ii.html
../1957anti.ru/publications/item/1931-chego-khotyat-bolsheviki.html
../1957anti.ru/publications/item/2351-durno-pakhnushchij-veter-istorii.html
../1957anti.ru/publications/item/1093-sovetskij-soyuz.html
../1957anti.ru/publications/item/1883-franshiza.html
../1957anti.ru/publications/item/2156-tsejtnot-bez-tsugtsvanga-proryv-ch-7.html
../1957anti.ru/publications/item/1876-proizvodstvennye-filmy.html
../1957anti.ru/publications/item/1836-itogi-golosovaniya-po-popravkam.html
../1957anti.ru/publications/item/417-dorogu-osilit-idushchij-predvaritelnye-itogi-dvukh-let-raboty-dvizheniya.html
../1957anti.ru/publications/item/2021-umerla-nadezhda-na-dyadyu.html
../1957anti.ru/publications/item/2231-ispug-kommunizdvuyushchego-klouna.html
../1957anti.ru/publications/item/2148-itogi-2022-goda-i-zadachi-na-2023-god.html
../1957anti.ru/publications/item/749-porazhenie-religii.html
../1957anti.ru/publications/item/1882-tri-glavnye-zadachi-sovremennykh-kommunistov.html
../1957anti.ru/publications/item/2313-na-obizhennykh-my-vodu-ne-vozim.html
../1957anti.ru/publications/item/632-tarakanishche.html
../1957anti.ru/publications/item/1631-85-marshrut-avtobusa-krasnodar.html
../1957anti.ru/publications/item/2225-grazhdanskoe-obshchestvo-protiv-naroda.html
../1957anti.ru/publications/item/2287-bednye-evrei.html
../1957anti.ru/publications/item/415-pochemu-sgoreli-lyudi-v-kemerovo.html
../1957anti.ru/publications/item/573-o-pensiyakh-kak-byt-samym-khitrenkim-i-vsjo-ravno-proigrat.html
../1957anti.ru/publications/item/938-druzya-naroda-sotnyu-let-spustya.html
../1957anti.ru/publications/item/2078-o-chem-nelzya-bylo-znat-sovetskomu-cheloveku.html
../1957anti.ru/publications/item/182-istoricheskaya-pravda-i-lozh-istorikov.html
../1957anti.ru/publications/item/2276-trotskizm-protiv-bolshevizma-2-e-izdanie-predislovie-izdatelya.html
../1957anti.ru/publications/item/2045-budet-li-vojna-s-ukrainoj.html
../1957anti.ru/publications/item/2293-sud-nad-stalinym-kak-myshi-kota-khoronili.html
../1957anti.ru/publications/item/790-sledstvie-vedut-mraksisty-bolshoj-terror-s-zhukovym-i-mejsnerom.html
../1957anti.ru/publications/item/161-lishnie-lyudi-takie-lishnie-chast-ii.html
../1957anti.ru/publications/item/2100-repressirovannaya-lingvistika-razoblachiteli-alpatov-vladimir-mikhajlovich.html
../1957anti.ru/publications/item/1700-programma-dvizheniya-v-voprosakh-i-otvetakh-velikaya-otechestvennaya-vojna.html
../1957anti.ru/publications/item/1382-klassiki-vozvrashchayutsya-anons.html
../1957anti.ru/publications/item/46-o-selskom-khozyajstve-pri-kapitalizme.html
../1957anti.ru/publications/item/1943-muravyu-khobot-pridelat.html
../1957anti.ru/publications/item/2058-poslezavtra-nachalas-vojna-direktiva-1.html
../1957anti.ru/publications/item/403-trud-i-potreblenie.html
../1957anti.ru/publications/item/1068-kak-sfalsifitsirovali-stalinskie-repressii.html
../1957anti.ru/publications/item/2027-materializm-i-istoriya-ch-2.html
../1957anti.ru/publications/item/2064-o-kosmopoliticheskoj-rossijskoj-intelligentsii.html
../1957anti.ru/publications/item/1748-imperializm-v-rossii-oligarkhi-i-dochki.html
../1957anti.ru/publications/item/2414-otvet-drugu-chast-4-chernyshevu.html
../1957anti.ru/publications/item/78-vystavka-1917-glavnyj-geroj-revolyutsii.html
../1957anti.ru/publications/item/2311-ya-paranoik.html
../1957anti.ru/publications/item/2370-pismo-ot-chitatelya-po-povodu-prikaza-stavki-vgk-0428.html
../1957anti.ru/publications/item/2380-retsenziya-na-knigu-kleveta-na-krasnuyu-armiyu.html
../1957anti.ru/publications/item/2375-terakt-v-krokus-siti-kholl.html
../1957anti.ru/publications/item/418-est-takaya-partiya.html
../1957anti.ru/publications/item/2323-partiya-leninskogo-tipa-ili-kak-trotskizm-pronikaet-v-mediapole.html
../1957anti.ru/publications/item/240-makarenko-vospitanie-cheloveka-tvorcheskogo-truda.html
../1957anti.ru/publications/item/2283-nagornyj-karabakh-udachnoe-reshenie-problemy.html
../1957anti.ru/publications/item/1223-o-gruzinskom-nabolevshem.html
../1957anti.ru/publications/item/1210-poteri-i-plennye-rkka-ili-u-kogo-uchilis-sovetskie-generaly-voevat.html
../1957anti.ru/publications/item/2140-khaj-zhive-ta-rozbuduetsya-kvitucha-radyanska-ukrajina.html
../1957anti.ru/publications/item/2180-privokzalnaya-zhurnalistika-ch-7.html
../1957anti.ru/publications/item/2238-o-vospitanii.html
../1957anti.ru/publications/item/1566-profsoyuznye-bossy-ot-marksizma.html
../1957anti.ru/publications/item/1773-trotskizm-protiv-bolshevizma-novaya-kniga-petra-balaeva.html
../1957anti.ru/publications/item/496-o-sozdanii-moskovskoj-pervichnoj-organizatsii-dvizheniya-eshchjo-odin-shag-vperjod.html
../1957anti.ru/publications/item/271-brezhnevskaya-stalinizatsiya.html
../1957anti.ru/publications/item/1701-programma-dvizheniya-v-voprosakh-i-otvetakh-perevorot-v-kpss.html
../1957anti.ru/publications/item/2252-dzhaz-bandy-marksizma-raz-v-god-i-palka-strelyae-ch-3-1.html
../1957anti.ru/publications/item/2297-ob-edinennaya-kommunisticheskaya-partiya-ili-kak-mozhno-sdat-podelnikov.html
../1957anti.ru/publications/item/2174-privokzalnaya-zhurnalistika.html
../1957anti.ru/publications/item/2421-pensionnyj-vozrast-v-kitae.html
../1957anti.ru/publications/item/2395-o-podgotovke-privatizatsii-unikalnykh-zemel-yazyke-russkij-kantselyarskij-i-politicheskom-kurse.html
../1957anti.ru/publications/item/2112-pochemu-putin-ne-provodit-mobilizatsiyu.html
../1957anti.ru/publications/item/1975-slabak-iz-kprf.html
../1957anti.ru/publications/item/550-s-pobedoj-rossiyane.html
../1957anti.ru/publications/item/2063-raduyushchimsya-priznaniyu-dnr-i-lnr-posvyashchaetsya.html
../1957anti.ru/publications/item/1415-sotsialnaya-pomoshch-ot-gosudarstva-sirotkam.html
../1957anti.ru/publications/item/375-reaktsiya-na-vassermana-kak-diagnoz.html
../1957anti.ru/publications/item/864-iv-konferentsiya.html
../1957anti.ru/publications/item/238-slomannyj-gorn-chast-ii.html
../1957anti.ru/publications/item/1865-divannaya-kritika.html
../1957anti.ru/publications/item/732-maoizm-i-nashe-dvizhenie.html
../1957anti.ru/publications/item/474-preduprezhdenie-dlya-storonnikov-yu-i-mukhina.html
../1957anti.ru/publications/item/2176-privokzalnaya-zhurnalistika-ch-3.html
../1957anti.ru/publications/item/2245-dzhaz-bandy-marksizma-solo-psikhodelicheskoj-improvizatsii-ch-1-3.html
../1957anti.ru/publications/item/2368-otvet-drugu-chast-2-mame.html
../1957anti.ru/publications/item/976-novaya-ekonomicheskaya-politika-kurs-na-industrializatsiyu-anons.html
../1957anti.ru/publications/item/439-kultiki-lichnosti-sakharov.html
../1957anti.ru/publications/item/1126-stalin-o-velikom-perelome-anons.html
../1957anti.ru/publications/item/1856-rabota-izmeryaetsya-ustalostyu.html
../1957anti.ru/publications/item/348-kommunizma-uzhe-net-65-let.html
../1957anti.ru/publications/item/2449-predatelstvo.html
../1957anti.ru/publications/item/1160-sotsializm-i-kommunizm.html
../1957anti.ru/publications/item/2143-litsam-s-anomalno-mocheustojchivoj-rogovitsej.html
../1957anti.ru/publications/item/1072-chastnyj-kapital-v-sssr-anons-prodolzheniya.html
../1957anti.ru/publications/item/2191-stankostroenie-v-rf-vzglyad-obyvatelya.html
../1957anti.ru/publications/item/2307-k-predlozheniyu-po-pereizbraniyu-tsk-istoriya-i-perspektiva&sa=D&source=editors&ust=1748208939457165&usg=AOvVaw2FnxfdwJPvCk61BCaM7SMF.html
../1957anti.ru/publications/item/2382-imitatory-ilin-filosofiya-i-marksizdvuyushchie.html
../1957anti.ru/publications/item/2132-prekrasnaya-polemika.html
../1957anti.ru/publications/item/1578-druzya-naroda-sotnyu-let-spustya-politshturm.html
../1957anti.ru/publications/item/2390-istoricheskij-vizit-vezhlivosti-voroshilova.html
../1957anti.ru/publications/item/231-o-vnutriklassovom-shovinizme-chast-iii.html
../1957anti.ru/publications/item/185-pedologiya-s-klassovykh-pozitsij.html
../1957anti.ru/publications/item/1896-feminizm-i-levoe-boloto.html
../1957anti.ru/publications/item/1894-kamen-v-ogorod.html
../1957anti.ru/publications/item/1871-eshche-raz-pro-kommunizm.html
../1957anti.ru/publications/item/691-likvidatsiya-kolkhozov-i-kooperativov-ch-3.html
../1957anti.ru/publications/item/461-pervomaj.html
../1957anti.ru/publications/item/2386-ot-nashej-sekty-kommunizdam-prazdnichnyj-adres-i-teplye-pozhelaniya.html
../1957anti.ru/publications/item/2103-bolshoj-terror-v-nauke-v-sssr-vyvody.html
../1957anti.ru/publications/item/2328-k-voprosu-o-partii-leninskogo-tipa.html
../1957anti.ru/publications/item/2158-o-razvitii-informatsionnykh-resursov-dvizheniya.html
../1957anti.ru/publications/item/2229-pyatdesyat-ottenkov-rozovogo-chast-3-kto-v-armii-sluzhil-tot-v-tsirke-ne-smeetsya.html
../1957anti.ru/publications/item/2086-o-yurii-loskutove.html
../1957anti.ru/publications/item/2049-s-v-lavrov-ya-absolyutno-soglasen-s-tem-chto-istoriyu-nelzya-trogat-pro-debilov.html
../1957anti.ru/publications/item/2192-perenos-mesta-provedeniya-konferentsii.html
../1957anti.ru/publications/item/2079-arkhivnye-pomojki.html
../1957anti.ru/publications/item/2004-mif-o-bolshom-terrore-balaeva-4.html
../1957anti.ru/publications/item/2077-pochemu-oligarkhi-zhertvuyut-na-khramy-a-ne-vkladyvayut-v-ekonomiku-strany.html
../1957anti.ru/publications/item/32-ogranichennye-resursy-nachalo.html
../1957anti.ru/publications/item/2168-donbass-chast-1.html
../1957anti.ru/publications/item/2056-kak-nemtsy-svoj-stalingrad-oboronyali.html
../1957anti.ru/publications/item/442-chastnaya-sobstvennost-i-sotsializm.html
../1957anti.ru/publications/item/2002-mif-o-bolshom-terrore-balaeva-2.html
../1957anti.ru/publications/item/1134-o-bespoleznosti-mitingov-i-petitsij.html
../1957anti.ru/publications/item/275-vlast-i-partiya-dorabotannaya-statya-dvumya-chastyami-chast-i.html
../1957anti.ru/publications/item/2448-kak-nam-spasti-partiyu-obrashchenie-tsk-ot-20-maya-2025&sa=D&source=editors&ust=1748208939444433&usg=AOvVaw3l55scZ1J-VU2ZNEwx1d1p.html
../1957anti.ru/publications/item/2267-k-voprosu-o-diktature-proletariata-v-kitae.html
../1957anti.ru/publications/item/2000-mif-o-bolshom-terrore-balaeva-1.html
../1957anti.ru/publications/item/1697-programma-dvizheniya-v-voprosakh-i-otvetakh-russkaya-revolyutsiya.html
../1957anti.ru/publications/item/2200-obrazovanie-razvitie-cheloveka-i-semya-v-kommunisticheskom-obshchestve.html
../1957anti.ru/publications/item/2068-vojna-na-ukraine-i-perspektivy-otnoshenij-mezhdu-rf-i-knr.html
../1957anti.ru/publications/item/2128-den-revolyutsii.html
../1957anti.ru/publications/item/834-pochemu-vopros-obrazovaniya-tak-vazhen.html
../1957anti.ru/publications/item/1961-vrag-ne-dremlet.html
../1957anti.ru/publications/item/2393-spisok-lits-i-organizatsij-predpolozhitelno-finansiruemykh-fondom-rozy-lyuksemburg.html
../1957anti.ru/publications/item/2013-arkhivnye-materialy-za-25-iyunya-1941-goda.html
../1957anti.ru/publications/item/821-nastoyashchaya-marksistka.html
../1957anti.ru/publications/item/1103-may-day.html
../1957anti.ru/publications/item/2269-tovarishch-rozovyj.html
../1957anti.ru/publications/item/2080-kak-zanimatsya-voprosami-politiki-i-istorii-chtoby-privlech-vnimanie-sanitarov.html
../1957anti.ru/publications/item/1619-levyj-povorot-posledstviya-otstavki-pravitelstva-medvedeva-i-naznacheniya-mishustina.html
../1957anti.ru/publications/item/2118-razvivshim-marksizm-posvyashchaetsya.html
../1957anti.ru/publications/item/645-import-furazhnogo-zerna-kak-gordost-sovkodrocherov.html
../1957anti.ru/publications/item/1933-kommunizm-i-anarkhizm.html
../1957anti.ru/publications/item/2106-repressirovannaya-lingvistika-razoblachiteli-ashnin-fjodor-dmitrievich-kto-eto.html
../1957anti.ru/publications/item/1822-v-polku-uznikov-sovesti-pribylo.html
../1957anti.ru/publications/item/2378-sverkhekspluatatsiya-kak-sekret-uspekha.html
../1957anti.ru/publications/item/2062-vojna-i-nashi-zadachi.html
../1957anti.ru/publications/item/845-den-rozhdeniya-kommunista.html
../1957anti.ru/publications/item/1074-vot-takie-vot-zhertvy-rezhima-ili-vospominaniya-o-proshlom-v-moem-izlozhenii.html
../1957anti.ru/publications/item/164-ostorozhno-slovesnoe-nederzhanie.html
../1957anti.ru/publications/item/2071-vikipediya-i-ostalnye-proyavleniya-sovremennoj-vlasovshchiny.html
../1957anti.ru/publications/item/136-kak-otnositsya-k-russkim-v-chvk.html
../1957anti.ru/publications/item/2388-intellektualy-b.html
../1957anti.ru/publications/item/1050-chastnyj-kapital-v-sssr-anons.html
../1957anti.ru/publications/item/1875-kommunistu-ot-tyurmy-zarekatsya-ne-stoit-no-i-prositsya-v-nee-ne-nuzhno.html
../1957anti.ru/publications/item/404-o-taktike-politicheskoj-borby-chast-iii.html
../1957anti.ru/publications/item/1541-reformy-kosygina-libermana.html
../1957anti.ru/publications/item/2055-o-deportatsii-nemtsev.html
../1957anti.ru/publications/item/1809-voskhozhdenie-v-zenit.html
../1957anti.ru/publications/item/2236-strashnye-skazki-pro-kapitalisticheskij-kitaj.html
../1957anti.ru/publications/item/1022-platoshkin.html
../1957anti.ru/publications/item/882-chetvertaya-konferentsiya-dvizheniya-sostoyalas.html
../1957anti.ru/publications/item/223-trotskizm-kak-put-k-porazheniyu.html
../1957anti.ru/publications/item/1611-menedzheram-srednego-i-starshego-zvena.html
../1957anti.ru/publications/item/833-anons-zanimatelnaya-dialektika.html
../1957anti.ru/publications/item/2109-professionalnye-istoriki-i-istoriki-samozvantsy.html
../1957anti.ru/publications/item/2214-chego-zhdat-ot-vizita-si-tszinpina-20-22-marta.html
../1957anti.ru/publications/item/2398-metodologiya-sozdaniya-krizisnogo-obshchestva.html
../1957anti.ru/publications/item/1528-venesuela-boliviya-pochemu.html
../1957anti.ru/publications/item/1386-poka-strana-spit-pod-shumok.html
../1957anti.ru/publications/item/2296-argentinskaya-fiesta.html
../1957anti.ru/publications/item/2332-spitsyn-i-platoshkin-kak-rediski-sverkhu-krasnye-vnutri-belye.html
../1957anti.ru/publications/item/2361-partiya-novogo-tipa-eto-partiya-dlya-vzyatiya-vlasti.html
../1957anti.ru/publications/item/1932-revolyutsionnaya-situatsiya-i-levye-blogery.html
../1957anti.ru/publications/item/2190-kommunizm-kak-novaya-sotsialno-ekonomicheskaya-forma-pri-perekhode-ot-kapitalizma.html
../1957anti.ru/publications/item/2149-o-viktore-ivanoviche-ilyukhine.html
../1957anti.ru/publications/item/1162-i-stalin-na-xvii-s-ezde-anons.html
../1957anti.ru/publications/item/2030-politicheskie-itogi-ukhodyashchego-goda.html
../1957anti.ru/publications/item/1819-poteri-v-velikoj-otechestvennoj-vojne-kto-zhe-vse-taki-prav.html
../1957anti.ru/publications/item/2194-otmena-ochnogo-formata-konferentsii.html
../1957anti.ru/publications/item/593-prokhodimtsy.html
../1957anti.ru/publications/item/891-klassiki-o-profsoyuznoj-diskussii-anons.html
../1957anti.ru/publications/item/1923-demokraticheskie-instituty-i-sotsializm.html
../1957anti.ru/publications/item/2204-naivno-verit-v-govoryashchikh-oslov.html
../1957anti.ru/publications/item/2073-kitaj-i-kommunizm.html
../1957anti.ru/publications/item/900-klassiki-o-novoj-ekonomicheskoj-politike-anons.html
../1957anti.ru/publications/item/2289-eto-kto-tut-sektanty.html
../1957anti.ru/publications/item/2224-pismo-iz-kanady.html
../1957anti.ru/publications/item/1711-programma-dvizheniya-v-voprosakh-i-otvetakh-upravlyaemoe-bankrotstvo.html
../1957anti.ru/publications/item/2226-pyatdesyat-ottenkov-rozovogo-1-chip-i-dejl-speshat-na-pomoshch.html
../1957anti.ru/publications/item/18-tekst-doklada-petra-balaeva-o-leninskoj-gvardii.html
../1957anti.ru/publications/item/79-zachem-chelovechestvu-kommunizm.html
../1957anti.ru/publications/item/1094-ubijstvo-stalina-chast-2.html
../1957anti.ru/publications/item/2048-pamyatnik-fidelyu-i-sakharovu.html
../1957anti.ru/publications/item/1990-kitajskij-zavod-i-podrobno-o-byte-rabochikh-dopolnenie.html
../1957anti.ru/publications/item/38-edichka-bolshevik-i-borets-za-russkij-mir.html
../1957anti.ru/publications/item/617-pochemu-oni-lishayut-nas-pensij.html
../1957anti.ru/publications/item/274-trotskisty-eto-ne-chleny-partii-bronshtejna-trotskizm-ne-ideologiya-a-nabor-podryvnykh-metodov.html
../1957anti.ru/publications/item/2186-donbass-itogi.html
../1957anti.ru/publications/item/2366-raspakovka-khama.html
../1957anti.ru/publications/item/549-o-svezheprestavlennom.html
../1957anti.ru/publications/item/2125-ljokha-isaev-istorik-so-spravkoj.html
../1957anti.ru/publications/item/2108-olga-ivanovna-volkova-zhertva-bolshogo-terrora-ili-primer-bolshoj-lzhi.html
../1957anti.ru/publications/item/1758-150-let-perevernuvshemu-mir.html
../1957anti.ru/publications/item/35-voroshilov-retsenziya-na-knigu.html
../1957anti.ru/publications/item/2306-130-let-so-dnya-rozhdeniya-kaganovicha-lazarya-moiseevicha.html
../1957anti.ru/publications/item/160-lishnie-lyudi-takie-lishnie-chast-i.html
../1957anti.ru/publications/item/1980-dialogi-s-levymi-rossiyanami-3.html
../1957anti.ru/publications/item/1867-vzglyad-na-proshloe.html
../1957anti.ru/publications/item/2150-est-takoe-dvizhenie.html
../1957anti.ru/publications/item/2155-ozero-nesbyvshejsya-nadezhdy-proryv-ch-6.html
../1957anti.ru/publications/item/1970-ob-otmene-muzykalnykh-festivalej.html
../1957anti.ru/publications/item/2327-razbor-propagandy-v-uchebnike.html
../1957anti.ru/publications/item/958-antisovetchina-v-sovetskikh-filmakh.html
../1957anti.ru/publications/item/1929-binarnaya-logika-i-dialekticheskij-materializm.html
../1957anti.ru/publications/item/1862-ulichnye-boi-v-belorussii.html
../1957anti.ru/publications/item/405-durak-neozhidanno-aktualnyj-film.html
../1957anti.ru/publications/item/669-sovetskaya-oblomovshchina.html
../1957anti.ru/publications/item/2042-otvet-a-i-kolpakidi-na-ego-pismo.html
../1957anti.ru/publications/item/2367-o-natsionalnoj-gordosti-pri-sotsializme.html
../1957anti.ru/publications/item/2020-afganistan-kabul-pal-tochnee-osvobozhden.html
../1957anti.ru/publications/item/2448-kak-nam-spasti-partiyu-obrashchenie-tsk-ot-20-maya-2025&sa=D&source=editors&ust=1748208939439578&usg=AOvVaw3qULIQIrsWlxprkfm2C2-l.html
../1957anti.ru/publications/item/2304-kogo-tsitiruet-ramzan-akhmatovich.html
../1957anti.ru/publications/item/1124-nabroski-po-voprosam-sotsializma.html
../1957anti.ru/publications/item/1674-istorik-isaev-i-rzhevskaya-bitva.html
../1957anti.ru/publications/item/1687-metodichka-dlya-istorikov.html
../1957anti.ru/publications/item/1567-oruell-namekaet.html
../1957anti.ru/publications/item/1983-afganskij-izlom-3.html
../1957anti.ru/publications/item/1960-o-portrete-stalina-v-belorechenske.html
../1957anti.ru/publications/item/2412-sotsializm-i-yuzhnaya-afrika-eksperimenty-brezhnevizma.html
../1957anti.ru/publications/item/2340-kapitalisticheskie-protivorechiya-v-sovremennykh-predpriyatiyakh-na-primere-it-sektora.html
../1957anti.ru/publications/item/2070-putin-snova-ogorchil-teper-s-ukrainoj.html
../1957anti.ru/publications/item/1941-po-state-kungurova.html
../1957anti.ru/publications/item/2263-borya-vzmok-kommunizdvuyushchaya-estrada-protiv-liberalov.html
../1957anti.ru/publications/item/2303-dajdzhest-argumentov-svyatykh-arkhivov.html
../1957anti.ru/publications/item/1516-s-chego-nachinaetsya-fashizm.html
../1957anti.ru/publications/item/69-shojgu-sovsem-opozorilsya.html
../1957anti.ru/publications/item/2239-neudobnoe.html
../1957anti.ru/publications/item/2278-pochemu-khrushchev-voeval-s-avangardistami.html
../1957anti.ru/publications/item/1517-lenin-doklad-tsk-na-11-s-ezde-rkp-b.html
../1957anti.ru/publications/item/731-repressii-nado-preodolet.html
../1957anti.ru/publications/item/551-antisovetskaya-khaltura-pokojnogo.html
../1957anti.ru/publications/item/2384-malyj-i-srednij-biznes-kak-kormovaya-sreda-akul-kapitalizma.html
../1957anti.ru/publications/item/2437-problema-vospriyatiya-sotsializma-v-kitae.html
../1957anti.ru/publications/item/2227-rumynskij-moldavskij-natsionalnyj-vopros-i-ne-tolko-eto.html
../1957anti.ru/publications/item/1866-politekonomiya-kapitalizma-revolyutsioniziruyushchaya-nishcheta.html
../1957anti.ru/publications/item/2089-podvigi-sudoplatova-sochinili-v-tsru.html
../1957anti.ru/publications/item/2072-isklyuchenie-rossii-iz-soveta-oon-po-pravam-cheloveka-o-druzyakh-i-nedrugakh.html
../1957anti.ru/publications/item/2309-krizis-peronizma.html
../1957anti.ru/publications/item/596-o-tak-nazyvaemom-vospitanii-elity-ili-pochemu-ne-nado-boyatsya-ee-degradatsii.html
../1957anti.ru/publications/item/1420-ekonomiko-ideologicheskaya-prostitutsiya-i-stalinskaya-model.html
../1957anti.ru/publications/item/1925-navyazyvaemaya-sejchas-demokratiya-eto-vlast-bogatykh.html
